
[13/8/2018 24:20:36] LOG: New frame recieved ...
[13/8/2018 24:20:36] LOG: Door mode detected ...
[13/8/2018 24:20:36] LOG: New RTR frame recieved ...
[13/8/2018 24:20:55] LOG: New frame recieved ...
[13/8/2018 24:20:55] LOG: Door mode detected ...
[13/8/2018 24:20:55] LOG: New RTR frame recieved ...
[13/8/2018 24:21:0] LOG: New frame recieved ...
[13/8/2018 24:21:0] LOG: Unlocking the door ...
[13/8/2018 24:21:0] LOG: Door unlocked ...
[13/8/2018 24:21:0] LOG: New RTR frame recieved ...
[13/8/2018 24:21:5] LOG: New frame recieved ...
[13/8/2018 24:21:5] LOG: Locking the door ...
[13/8/2018 24:21:5] LOG: Door locked ...
[13/8/2018 24:21:5] LOG: New RTR frame recieved ...
[13/8/2018 24:21:12] LOG: New frame recieved ...
[13/8/2018 24:21:12] LOG: Mirror signal received ...
[13/8/2018 24:21:12] LOG: New RTR frame recieved ...
[13/8/2018 24:21:22] LOG: New frame recieved ...
[13/8/2018 24:21:22] LOG: Mirror signal received ...
[13/8/2018 24:21:22] LOG: New RTR frame recieved ...
[13/8/2018 24:21:31] LOG: New frame recieved ...
[13/8/2018 24:21:31] LOG: New RTR frame recieved ...
[13/8/2018 24:21:39] LOG: New frame recieved ...
[13/8/2018 24:21:39] LOG: New RTR frame recieved ...
[13/8/2018 24:21:44] LOG: New frame recieved ...
[13/8/2018 24:21:44] LOG: Door mode detected ...
[13/8/2018 24:21:44] LOG: New RTR frame recieved ...
[13/8/2018 24:21:49] LOG: New frame recieved ...
[13/8/2018 24:21:49] LOG: Unlocking the door ...
[13/8/2018 24:21:49] LOG: Door unlocked ...
[13/8/2018 24:21:49] LOG: New RTR frame recieved ...
[13/8/2018 24:22:5] LOG: New frame recieved ...
[13/8/2018 24:22:5] LOG: New RTR frame recieved ...
[13/8/2018 24:22:27] LOG: New frame recieved ...
[13/8/2018 24:22:27] LOG: Door mode detected ...
[13/8/2018 24:22:27] LOG: New RTR frame recieved ...